<?xml version="1.0" encoding="UTF-8"?>
<!-- Generated by org.testng.reporters.JUnitReportReporter -->
<testsuite hostname="DESKTOP-7UBB2ML" failures="0" tests="7" name="com.capstone.tests.LoginTest" time="34.979" errors="0" timestamp="2024-02-24T04:25:39 IST" skipped="0">
  <testcase classname="com.capstone.tests.LoginTest" name="loginTest" time="5.124"/>
  <system-out/>
  <testcase classname="com.capstone.tests.LoginTest" name="loginTest" time="4.726"/>
  <system-out/>
  <testcase classname="com.capstone.tests.LoginTest" name="loginTest" time="5.206"/>
  <system-out/>
  <testcase classname="com.capstone.tests.LoginTest" name="loginTest" time="3.210"/>
  <system-out/>
  <testcase classname="com.capstone.tests.LoginTest" name="loginTest" time="8.528"/>
  <system-out/>
  <testcase classname="com.capstone.tests.LoginTest" name="loginTest" time="4.477"/>
  <system-out/>
  <testcase classname="com.capstone.tests.LoginTest" name="loginTest" time="3.708"/>
  <system-out/>
</testsuite> <!-- com.capstone.tests.LoginTest -->
